<?xml version="1.0" encoding="UTF-8"?>
<!-- Generated by org.testng.reporters.JUnitReportReporter -->
<testsuite hostname="Koushik" failures="0" tests="1" name="testpackage.greenkart" time="15.079" errors="0" timestamp="2025-09-11T17:24:49 IST" skipped="0">
  <testcase classname="testpackage.greenkart" name="checkoutEndToEnd" time="15.079"/>
</testsuite> <!-- testpackage.greenkart -->
