<?xml version="1.0" encoding="UTF-8"?>
<!-- Generated by org.testng.reporters.JUnitReportReporter -->
<testsuite hostname="Koushik" failures="0" tests="5" name="testpackage.saucelabLogin" time="23.484" errors="0" timestamp="2025-09-01T14:18:37 IST" skipped="0">
  <testcase classname="testpackage.saucelabLogin" name="sauseloginTest" time="2.751"/>
  <testcase classname="testpackage.saucelabLogin" name="sauseloginTest" time="5.737"/>
  <testcase classname="testpackage.saucelabLogin" name="sauseloginTest" time="3.938"/>
  <testcase classname="testpackage.saucelabLogin" name="sauseloginTest" time="2.982"/>
  <testcase classname="testpackage.saucelabLogin" name="sauseloginTest" time="8.076"/>
</testsuite> <!-- testpackage.saucelabLogin -->
