<?xml version="1.0" encoding="UTF-8"?>
<!-- Generated by org.testng.reporters.JUnitReportReporter -->
<testsuite hostname="Koushik" failures="0" tests="1" name="cucumber.testrunnerpom" time="12.894" errors="0" timestamp="2025-08-22T23:37:07 IST" skipped="0">
  <testcase classname="cucumber.testrunnerpom" name="runScenario" time="12.894"/>
</testsuite> <!-- cucumber.testrunnerpom -->
