<?xml version="1.0" encoding="UTF-8"?>
<!-- Generated by org.testng.reporters.JUnitReportReporter -->
<testsuite hostname="Koushik" failures="0" tests="1" name="cucumbergreenkart.testrunnerpom" time="16.288" errors="0" timestamp="2025-08-23T16:29:21 IST" skipped="0">
  <testcase classname="cucumbergreenkart.testrunnerpom" name="runScenario" time="16.288"/>
</testsuite> <!-- cucumbergreenkart.testrunnerpom -->
