<?xml version="1.0" encoding="UTF-8"?>
<!-- Generated by org.testng.reporters.JUnitReportReporter -->
<testsuite hostname="Koushik" failures="0" tests="2" name="pageObjectModel.page" time="2.457" errors="0" timestamp="2025-08-11T14:27:41 IST" skipped="0">
  <testcase classname="pageObjectModel.page" name="alertexample" time="1.569"/>
  <testcase classname="pageObjectModel.page" name="selectexample" time="0.888"/>
</testsuite> <!-- pageObjectModel.page -->
