<?xml version="1.0" encoding="UTF-8"?>
<!-- Generated by org.testng.reporters.JUnitReportReporter -->
<testsuite hostname="Koushik" failures="0" tests="5" name="testpackage.saucelabLogin" time="16.031" errors="0" timestamp="2025-09-11T17:24:49 IST" skipped="0">
  <testcase classname="testpackage.saucelabLogin" name="sauseloginTest" time="2.426"/>
  <testcase classname="testpackage.saucelabLogin" name="sauseloginTest" time="7.372"/>
  <testcase classname="testpackage.saucelabLogin" name="sauseloginTest" time="2.829"/>
  <testcase classname="testpackage.saucelabLogin" name="sauseloginTest" time="1.692"/>
  <testcase classname="testpackage.saucelabLogin" name="sauseloginTest" time="1.712"/>
</testsuite> <!-- testpackage.saucelabLogin -->
