<?xml version="1.0" encoding="UTF-8"?>
<!-- Generated by org.testng.reporters.JUnitReportReporter -->
<testsuite hostname="Koushik" failures="0" tests="2" name="cucumberlogin.cucumberTestRunner" time="3.817" errors="0" timestamp="2025-08-23T00:51:17 IST" skipped="0">
  <testcase classname="cucumberlogin.cucumberTestRunner" name="runScenario" time="1.650"/>
  <testcase classname="cucumberlogin.cucumberTestRunner" name="runScenario" time="2.167"/>
</testsuite> <!-- cucumberlogin.cucumberTestRunner -->
