<?xml version="1.0" encoding="UTF-8"?>
<!-- Generated by org.testng.reporters.JUnitReportReporter -->
<testsuite hostname="Koushik" failures="0" tests="5" name="stepdefinationloginclass.testrunnerlogin" time="15.142" errors="0" timestamp="2025-09-01T17:46:59 IST" skipped="0">
  <testcase classname="stepdefinationloginclass.testrunnerlogin" name="runScenario" time="6.683"/>
  <testcase classname="stepdefinationloginclass.testrunnerlogin" name="runScenario" time="3.385"/>
  <testcase classname="stepdefinationloginclass.testrunnerlogin" name="runScenario" time="1.697"/>
  <testcase classname="stepdefinationloginclass.testrunnerlogin" name="runScenario" time="1.626"/>
  <testcase classname="stepdefinationloginclass.testrunnerlogin" name="runScenario" time="1.751"/>
</testsuite> <!-- stepdefinationloginclass.testrunnerlogin -->
