<?xml version="1.0" encoding="UTF-8"?>
<!-- Generated by org.testng.reporters.JUnitReportReporter -->
<testsuite hostname="Koushik" failures="0" tests="1" name="stepdefinationclass.testrunner" time="14.937" errors="0" timestamp="2025-09-11T17:23:43 IST" skipped="0">
  <testcase classname="stepdefinationclass.testrunner" name="runScenario" time="14.937"/>
</testsuite> <!-- stepdefinationclass.testrunner -->
