<?xml version="1.0" encoding="UTF-8"?>
<!-- Generated by org.testng.reporters.JUnitReportReporter -->
<testsuite hostname="Koushik" failures="0" tests="5" name="stepdefinationloginclass.testrunnerlogin" time="15.642" errors="0" timestamp="2025-09-11T17:24:18 IST" skipped="0">
  <testcase classname="stepdefinationloginclass.testrunnerlogin" name="runScenario" time="2.027"/>
  <testcase classname="stepdefinationloginclass.testrunnerlogin" name="runScenario" time="6.928"/>
  <testcase classname="stepdefinationloginclass.testrunnerlogin" name="runScenario" time="2.944"/>
  <testcase classname="stepdefinationloginclass.testrunnerlogin" name="runScenario" time="2.037"/>
  <testcase classname="stepdefinationloginclass.testrunnerlogin" name="runScenario" time="1.706"/>
</testsuite> <!-- stepdefinationloginclass.testrunnerlogin -->
